<?xml version="1.0" encoding="UTF-8"?>
<!-- Generated by org.testng.reporters.JUnitReportReporter -->
<testsuite hostname="DESKTOP-I00AO6H" failures="0" tests="1" name="TestRunner.TestRunnerTestNG" time="74.990" errors="0" timestamp="2024-02-02T15:15:03 IST" skipped="0">
  <testcase classname="TestRunner.TestRunnerTestNG" name="runScenario" time="74.990"/>
</testsuite> <!-- TestRunner.TestRunnerTestNG -->
