<?xml version="1.0" encoding="UTF-8"?>
<!-- Generated by org.testng.reporters.JUnitReportReporter -->
<testsuite hostname="DESKTOP-I00AO6H" failures="0" tests="1" name="TestRunner.TestRunnerTestNGTest" time="58.839" errors="0" timestamp="2024-02-06T16:53:40 IST" skipped="0">
  <testcase classname="TestRunner.TestRunnerTestNGTest" name="runScenario" time="58.839"/>
</testsuite> <!-- TestRunner.TestRunnerTestNGTest -->
